Loading data...
Done!
MAIN: init cbn
MAIN: fit cbn
FIT_CBN: init layered image representation
FIT_CBN: fit layer 0
FIT_CBN: Done
FIT_CBN: fit layer 1 using em-algorithm
Pretrain Kernels
counted 3785.000000 trueths, size = 67600 == > 0.055991counted 1508.000000 trueths, size = 67600 == > 0.022308counted 55845.000000 trueths, size = 67600 == > 0.826109counted 3676.000000 trueths, size = 67600 == > 0.054379Samller: -0.002510
Samller: -0.692433
Samller: 0.058733
heuristic: highest correlation =100; covarianceNeighbours = 0.000000
Samller: -0.002510
Samller: -0.451224
Samller: 0.032419
heuristic: highest correlation =100; covarianceNeighbours = 0.000000
Samller: -0.692433
Samller: -0.451224
Samller: -0.685796
heuristic: highest correlation =100; covarianceNeighbours = 0.000000
Samller: 0.058733
Samller: 0.032419
Samller: -0.685796
heuristic: highest correlation =100; covarianceNeighbours = 0.000000
PRETRAINING: initialization done
counted 6040.000000 trueths, size = 67600 == > 0.089349counted 1508.000000 trueths, size = 67600 == > 0.022308counted 55845.000000 trueths, size = 67600 == > 0.826109counted 3676.000000 trueths, size = 67600 == > 0.054379Samller: -0.012716
Samller: -0.706584
Samller: 0.027577
heuristic: highest correlation =100; covarianceNeighbours = 0.000000
Samller: -0.012716
Samller: -0.451224
Samller: 0.032419
heuristic: highest correlation =100; covarianceNeighbours = 0.000000
Samller: -0.706584
Samller: -0.451224
Samller: -0.685796
heuristic: highest correlation =100; covarianceNeighbours = 0.000000
Samller: 0.027577
Samller: 0.032419
Samller: -0.685796
heuristic: highest correlation =100; covarianceNeighbours = 0.000000
Iteration 0 / 320 current heuristic: -nan, new_heuristic: -nan  ===> rejected
counted 6040.000000 trueths, size = 67600 == > 0.089349counted 2790.000000 trueths, size = 67600 == > 0.041272counted 55845.000000 trueths, size = 67600 == > 0.826109counted 3676.000000 trueths, size = 67600 == > 0.054379Samller: 0.163380
Samller: -0.706584
Samller: 0.027577
heuristic: highest correlation =100; covarianceNeighbours = 0.000000
Samller: 0.163380
Samller: -0.343713
Samller: -0.024641
heuristic: highest correlation =100; covarianceNeighbours = 0.000000
Samller: -0.706584
Samller: -0.343713
Samller: -0.685796
heuristic: highest correlation =100; covarianceNeighbours = 0.000000
Samller: 0.027577
Samller: -0.024641
Samller: -0.685796
heuristic: highest correlation =100; covarianceNeighbours = 0.000000
Iteration 1 / 320 current heuristic: -nan, new_heuristic: -nan  ===> rejected
counted 2790.000000 trueths, size = 67600 == > 0.041272counted 2790.000000 trueths, size = 67600 == > 0.041272counted 55845.000000 trueths, size = 67600 == > 0.826109counted 3676.000000 trueths, size = 67600 == > 0.054379Samller: 1.084450
Samller: -0.343713
Samller: -0.024641
heuristic: highest correlation =100; covarianceNeighbours = 0.000000
Samller: 1.084450
Samller: -0.343713
Samller: -0.024641
heuristic: highest correlation =100; covarianceNeighbours = 0.000000
Samller: -0.343713
Samller: -0.343713
Samller: -0.685796
heuristic: highest correlation =100; covarianceNeighbours = 0.000000
Samller: -0.024641
Samller: -0.024641
Samller: -0.685796
heuristic: highest correlation =100; covarianceNeighbours = 0.000000
Iteration 2 / 320 current heuristic: -nan, new_heuristic: -nan  ===> rejected
counted 12462.000000 trueths, size = 67600 == > 0.184349counted 2790.000000 trueths, size = 67600 == > 0.041272counted 55845.000000 trueths, size = 67600 == > 0.826109counted 3676.000000 trueths, size = 67600 == > 0.054379Samller: 0.262956
Calculating covariance: mean1 = 0.184349; mean2 = 0.826109 variance1 = 0.150365; variance2 = 0.143653, covariance = -0.276279 ===> correlation -1.879827
